[pocomart.mysapo.net/index.html]
[bizweb.dktcdn.net/100/429/689/themes/869367/assets/favicon2c6f.png]
[backblue.gif]
[fade.gif]
[index.html]
[bizweb.dktcdn.net/100/429/689/themes/869367/assets/logo2c6f.png]
[bizweb.dktcdn.net/100/429/689/themes/869367/assets/plugincss2c6f.css]
[bizweb.dktcdn.net/100/429/689/themes/869367/assets/main.scss2c6f.css]
[bizweb.dktcdn.net/100/429/689/themes/869367/assets/header.scss2c6f.css]
[bizweb.dktcdn.net/100/429/689/themes/869367/assets/index.scss2c6f.css]
[pocomart.mysapo.net/s]
[pocomart.mysapo.net/dist/js/stats.minb066.js]
[bizweb.dktcdn.net/100/429/689/themes/869367/assets/ajaxsubmit2c6f.js]
[bizweb.dktcdn.net/100/429/689/themes/869367/assets/notify2c6f.js]
[bizweb.dktcdn.net/100/429/689/themes/869367/assets/jquery2c6f.js]
[pocomart.mysapo.net/yeu-thich.html]
[pocomart.mysapo.net/cart.html]
[pocomart.mysapo.net/account/login.html]
[pocomart.mysapo.net/so-sanh-san-pham.html]
[pocomart.mysapo.net/dien-thoai-may-tinh-bang.html]
[pocomart.mysapo.net/iphone-12-va-hang-loat-flagship-dang-giam-gia-cuc-manh.html]
[pocomart.mysapo.net/apple.html]
[bizweb.dktcdn.net/100/429/689/themes/869367/assets/swiper2c6f.js]
[pocomart.mysapo.net/iphone-x.html]
[pocomart.mysapo.net/iphone-11.html]
[pocomart.mysapo.net/iphone-12-mini.html]
[pocomart.mysapo.net/iphone-12-pro-max.html]
[pocomart.mysapo.net/samsung.html]
[pocomart.mysapo.net/collections/all.html]
[pocomart.mysapo.net/xiaomi.html]
[pocomart.mysapo.net/phu-kien-thiet-bi-so.html]
[pocomart.mysapo.net/may-anh-quay-phim.html]
[pocomart.mysapo.net/dien-gia-dung-nha-bep.html]
[pocomart.mysapo.net/laptop-thiet-bi-it.html]
[pocomart.mysapo.net/may-choi-game-tro-choi.html]
[pocomart.mysapo.net/trang-suc-sanh-dieu.html]
[pocomart.mysapo.net/thoi-trang-lam-dep.html]
[pocomart.mysapo.net/san-pham-khuyen-mai.html]
[pocomart.mysapo.net/thoi-trang-nu.html]
[pocomart.mysapo.net/thoi-trang-nam.html]
[pocomart.mysapo.net/dong-ho-trang-suc.html]
[pocomart.mysapo.net/giay-dep-nu.html]
[pocomart.mysapo.net/giay-dep-nam.html]
[pocomart.mysapo.net/phu-kien-thoi-trang.html]
[pocomart.mysapo.net/nha-cua-doi-song.html]
[pocomart.mysapo.net/sach-tieu-thuyet.html]
[pocomart.mysapo.net/gioi-thieu.html]
[pocomart.mysapo.net/tin-moi-nhat.html]
[pocomart.mysapo.net/tin-tuc.html]
[pocomart.mysapo.net/doi-song.html]
[pocomart.mysapo.net/giao-duc.html]
[pocomart.mysapo.net/khuyen-mai.html]
[pocomart.mysapo.net/su-kien.html]
[pocomart.mysapo.net/cau-hoi-thuong-gap.html]
[pocomart.mysapo.net/tuyen-dung.html]
[pocomart.mysapo.net/lien-he.html]
[bizweb.dktcdn.net/100/429/689/themes/869367/assets/slider_12c6f.jpg]
[bizweb.dktcdn.net/thumb/grande/100/429/689/themes/869367/assets/slider_12c6f.jpg]
[pocomart.mysapo.net/samsung-galaxy-note-21.html]
[bizweb.dktcdn.net/thumb/medium/100/429/689/products/dien-thoai-samsung-galaxy-s21-ultra-5g-256g-g998b-bac-h0l175-b6ac0e17-afc8-42a9-bb4f-aecaf81ad7e2d72a.jpg]
[bizweb.dktcdn.net/thumb/compact/100/429/689/products/dien-thoai-samsung-galaxy-s21-ultra-5g-256g-g998b-bac-h0l175-b6ac0e17-afc8-42a9-bb4f-aecaf81ad7e2d72a.jpg]
[bizweb.dktcdn.net/100/429/689/products/dien-thoai-samsung-galaxy-s21-ultra-5g-256g-g998b-bac-h0l175-b6ac0e17-afc8-42a9-bb4f-aecaf81ad7e2d72a.jpg]
[pocomart.mysapo.net/apple-iphone-12-mini-new.html]
[bizweb.dktcdn.net/thumb/medium/100/429/689/products/apple-iphone-12-mini-2-0340d148-dd79-40b3-b8ad-95ed589c7b5ab4f9.png]
[bizweb.dktcdn.net/thumb/compact/100/429/689/products/apple-iphone-12-mini-2-0340d148-dd79-40b3-b8ad-95ed589c7b5ab4f9.png]
[bizweb.dktcdn.net/100/429/689/products/apple-iphone-12-mini-2-0340d148-dd79-40b3-b8ad-95ed589c7b5ab4f9.png]
[pocomart.mysapo.net/iphone-12-pro-max-like-new.html]
[bizweb.dktcdn.net/thumb/medium/100/429/689/products/iphone-12-pro-max-xanh-561e05b7-eed5-40c8-9065-49b5a1cea4239935.jpg]
[bizweb.dktcdn.net/thumb/compact/100/429/689/products/iphone-12-pro-max-xanh-561e05b7-eed5-40c8-9065-49b5a1cea4239935.jpg]
[bizweb.dktcdn.net/100/429/689/products/iphone-12-pro-max-xanh-561e05b7-eed5-40c8-9065-49b5a1cea4239935.jpg]
[pocomart.mysapo.net/iphone-xr-chinh-hang-vn-a.html]
[bizweb.dktcdn.net/thumb/medium/100/429/689/products/iphone-xr-mau-vang-didongviet-1-1-2c17e.jpg]
[bizweb.dktcdn.net/thumb/compact/100/429/689/products/iphone-xr-mau-vang-didongviet-1-1-2c17e.jpg]
[bizweb.dktcdn.net/100/429/689/products/iphone-xr-mau-vang-didongviet-1-1-2c17e.jpg]
[pocomart.mysapo.net/xiaomi-mi-10t-pro-5g.html]
[bizweb.dktcdn.net/thumb/medium/100/429/689/products/xiaomi-mi-10t-prod7d7.jpg]
[bizweb.dktcdn.net/thumb/compact/100/429/689/products/xiaomi-mi-10t-prod7d7.jpg]
[bizweb.dktcdn.net/100/429/689/products/xiaomi-mi-10t-prod7d7.jpg]
[pocomart.mysapo.net/iphone-12-hang-quoc-te.html]
[bizweb.dktcdn.net/thumb/medium/100/429/689/products/apple-iphone-12-mini-52c1a.png]
[bizweb.dktcdn.net/thumb/compact/100/429/689/products/apple-iphone-12-mini-52c1a.png]
[bizweb.dktcdn.net/100/429/689/products/apple-iphone-12-mini-52c1a.png]
[pocomart.mysapo.net/san-pham-noi-bat.html]
[pocomart.mysapo.net/samsung-galaxy-s21-ultra.html]
[bizweb.dktcdn.net/thumb/medium/100/429/689/products/galaxy-s21-ultra-5g-black-didongviet9f5b.jpg]
[bizweb.dktcdn.net/thumb/compact/100/429/689/products/galaxy-s21-ultra-5g-black-didongviet9f5b.jpg]
[bizweb.dktcdn.net/100/429/689/products/galaxy-s21-ultra-5g-black-didongviet9f5b.jpg]
[pocomart.mysapo.net/iphone-12-pro-max-chinh-hang.html]
[bizweb.dktcdn.net/thumb/medium/100/429/689/products/iphone-12-pro-max-ba-c6898.jpg]
[bizweb.dktcdn.net/thumb/compact/100/429/689/products/iphone-12-pro-max-ba-c6898.jpg]
[bizweb.dktcdn.net/100/429/689/products/iphone-12-pro-max-ba-c6898.jpg]
[pocomart.mysapo.net/kappa-giay-the-thao-nam-nu-001.html]
[bizweb.dktcdn.net/thumb/medium/100/429/689/products/304itd0-a0u-vuong-a0954654-0a43-4a9c-a026-5786147d0bf01f4c.jpg]
[bizweb.dktcdn.net/thumb/compact/100/429/689/products/304itd0-a0u-vuong-a0954654-0a43-4a9c-a026-5786147d0bf01f4c.jpg]
[bizweb.dktcdn.net/100/429/689/products/304itd0-a0u-vuong-a0954654-0a43-4a9c-a026-5786147d0bf01f4c.jpg]
[pocomart.mysapo.net/kappa-giay-the-thao-nam-nu-31169fw-001.html]
[bizweb.dktcdn.net/thumb/medium/100/429/689/products/31169fw-001-17b28.jpg]
[bizweb.dktcdn.net/thumb/compact/100/429/689/products/31169fw-001-17b28.jpg]
[bizweb.dktcdn.net/100/429/689/products/31169fw-001-17b28.jpg]
[pocomart.mysapo.net/kappa-giay-the-thao-nam-nu-3116z2w-a04.html]
[bizweb.dktcdn.net/thumb/medium/100/429/689/products/3116z2w-a04-vuong98a7.jpg]
[bizweb.dktcdn.net/thumb/compact/100/429/689/products/3116z2w-a04-vuong98a7.jpg]
[bizweb.dktcdn.net/100/429/689/products/3116z2w-a04-vuong98a7.jpg]
[pocomart.mysapo.net/kappa-giay-the-thao-nam-nu-3116z3w-001.html]
[bizweb.dktcdn.net/thumb/medium/100/429/689/products/3116z3w-001-vuongab09.jpg]
[bizweb.dktcdn.net/thumb/compact/100/429/689/products/3116z3w-001-vuongab09.jpg]
[bizweb.dktcdn.net/100/429/689/products/3116z3w-001-vuongab09.jpg]
[pocomart.mysapo.net/giay-the-thao-nam-nu-31169fw-001.html]
[bizweb.dktcdn.net/thumb/medium/100/429/689/products/22052337710-379631097-1-a3a3a0dc-118c-4382-b2da-c080f28b8997cbef.jpg]
[bizweb.dktcdn.net/thumb/compact/100/429/689/products/22052337710-379631097-1-a3a3a0dc-118c-4382-b2da-c080f28b8997cbef.jpg]
[bizweb.dktcdn.net/100/429/689/products/22052337710-379631097-1-a3a3a0dc-118c-4382-b2da-c080f28b8997cbef.jpg]
[pocomart.mysapo.net/kappa-giay-the-thao-nam-nu-31169fw-a04.html]
[bizweb.dktcdn.net/thumb/medium/100/429/689/products/31169fw-a04-vuong00cb.jpg]
[bizweb.dktcdn.net/thumb/compact/100/429/689/products/31169fw-a04-vuong00cb.jpg]
[bizweb.dktcdn.net/100/429/689/products/31169fw-a04-vuong00cb.jpg]
[pocomart.mysapo.net/kappa-giay-the-thao-nam-nu-304itd0-a0u.html]
[bizweb.dktcdn.net/thumb/medium/100/429/689/products/304itd0-a0u-vuongab5c.jpg]
[bizweb.dktcdn.net/thumb/compact/100/429/689/products/304itd0-a0u-vuongab5c.jpg]
[bizweb.dktcdn.net/100/429/689/products/304itd0-a0u-vuongab5c.jpg]
[pocomart.mysapo.net/kappa-giay-the-thao-nam-nu-311685w-a0f.html]
[bizweb.dktcdn.net/thumb/medium/100/429/689/products/311685w-a0f-vuongff73.jpg]
[bizweb.dktcdn.net/thumb/compact/100/429/689/products/311685w-a0f-vuongff73.jpg]
[bizweb.dktcdn.net/100/429/689/products/311685w-a0f-vuongff73.jpg]
[pocomart.mysapo.net/blogs/all.html]
[pocomart.mysapo.net/galaxy-z-fold-3-va-z-flip-3-se-co-gia-re-hon.html]
[pocomart.mysapo.net/cach-lam-bun-suon-nau-sau-thanh-mat.html]
[pocomart.mysapo.net/viettel-dang-tang-nguoi-dung-3gb-truy-cap-internet-mien-phi-ap-dung-cho-tat-ca-cac-loai-thue-bao.html]
[pocomart.mysapo.net/tv-samsung-dang-giam-gia-manh-co-mau-giam-toi-15-trieu-de-kich-cau-dau-nam.html]
[bizweb.dktcdn.net/100/429/689/themes/869367/assets/wishlist-compare2c6f.js]
[bizweb.dktcdn.net/100/429/689/themes/869367/assets/index2c6f.js]
[bizweb.dktcdn.net/100/429/689/themes/869367/assets/main2c6f.js]
[bizweb.dktcdn.net/100/429/689/themes/869367/assets/ajaxcart.scss2c6f.css]
[bizweb.dktcdn.net/100/429/689/themes/869367/assets/api_bizweb2c6f.js]
[bizweb.dktcdn.net/thumb/compact/assets/themes_support/noimage.gif]
[pocomart.mysapo.net/cart.json]
[bizweb.dktcdn.net/100/429/689/themes/869367/assets/animate.scss2c6f.css]
[pocomart.mysapo.net/index.html]
[bizweb.dktcdn.net/100/429/689/themes/869367/assets/plugincss2c6f.css]
[bizweb.dktcdn.net/100/429/689/themes/869367/assets/ico-select983a.png]
[cdnjs.cloudflare.com/ajax/libs/font-awesome/5.15.3/css/all.min.css]
[bizweb.dktcdn.net/100/429/689/themes/869367/assets/main.scss2c6f.css]
[bizweb.dktcdn.net/100/429/689/themes/869367/assets/i-up-arrow983a.svg]
[bizweb.dktcdn.net/100/429/689/themes/869367/assets/users9c00.svg]
[bizweb.dktcdn.net/100/429/689/themes/869367/assets/call9c00.svg]
[bizweb.dktcdn.net/100/429/689/themes/869367/assets/header.scss2c6f.css]
[bizweb.dktcdn.net/100/429/689/themes/869367/assets/wall-clock9c00.svg]
[bizweb.dktcdn.net/100/429/689/themes/869367/assets/mblike9c00.png]
[bizweb.dktcdn.net/100/429/689/themes/869367/assets/index.scss2c6f.css]
[pocomart.mysapo.net/s.html]
[bizweb.dktcdn.net/100/429/689/themes/869367/assets/account_oder_style.scss2c6f.css]
[bizweb.dktcdn.net/assets/themes_support/bizweb-api.js]
[bizweb.dktcdn.net/assets/themes_support/common.js]
[bizweb.dktcdn.net/assets/themes_support/customer.js]
[pocomart.mysapo.net/account/register.html]
[pocomart.mysapo.net/account/login.html]
[bizweb.dktcdn.net/100/429/689/themes/869367/assets/blog_article_style.scss2c6f.css]
[bizweb.dktcdn.net/100/429/689/themes/869367/assets/sidebar_style.scss2c6f.css]
[pocomart.mysapo.net/galaxy-tab-a7-lite-may-tinh-bang-nho-gon-tien-dung.html]
[pocomart.mysapo.net/sony-tai-nghe-true-wireless-nho-gon.html]
[pocomart.mysapo.net/yeu-thich.html]
[pocomart.mysapo.net/cart.html]
[bizweb.dktcdn.net/100/429/689/themes/869367/assets/page-compare.scss2c6f.css]
[pocomart.mysapo.net/so-sanh-san-pham.html]
[bizweb.dktcdn.net/100/429/689/themes/869367/assets/collection_style.scss2c6f.css]
[bizweb.dktcdn.net/100/429/689/themes/869367/assets/search_filter2c6f.js]
[bizweb.dktcdn.net/100/429/689/files/si-u-sale-12-12-1200x300-17987.png]
[bizweb.dktcdn.net/100/429/689/themes/869367/assets/col2c6f.js]
[pocomart.mysapo.net/dien-thoai-may-tinh-bang.html]
[bizweb.dktcdn.net/thumb/grande/100/429/689/articles/d87b025e27bd6c1a7804af8b6046c30e0d8f.jpg]
[pocomart.mysapo.net/https_/bizweb.dktcdn.net/100/429/689/articles/d87b025e27bd6c1a7804af8b6046c30e0d8f.jpg]
[kenh14cdn.com/203336854389633024/2021/5/24/xiaomi-mi-11-5g-review-16218463336261272496882.jpg]
[kenh14cdn.com/thumb_w/620/203336854389633024/2021/5/24/xiaomi-mi-11-5g-review-16218463336261272496882.jpg]
[kenh14cdn.com/203336854389633024/2021/5/24/galaxy-s21-ultra-untold-stories-e28093-camera-samsung-0001-16218465821161682727989.png]
[kenh14cdn.com/thumb_w/620/203336854389633024/2021/5/24/galaxy-s21-ultra-untold-stories-e28093-camera-samsung-0001-16218465821161682727989.png]
[s7.addthis.com/js/300/addthis_widget.js]
[pocomart.mysapo.net/hang-loat-thiet-bi-moi-cua-apple-chay-hang-o-viet-nam.html]
[www.google.com/recaptcha/apif78f.js]
[pocomart.mysapo.net/iphone-12-va-hang-loat-flagship-dang-giam-gia-cuc-manh.html]
[pocomart.mysapo.net/apple.html]
[pocomart.mysapo.net/iphone-x.html]
[pocomart.mysapo.net/iphone-11.html]
[pocomart.mysapo.net/iphone-12-mini.html]
[pocomart.mysapo.net/iphone-12-pro-max.html]
[pocomart.mysapo.net/samsung.html]
[pocomart.mysapo.net/ban-an-da-cam-thach-trang-chan-dong-nhu.html]
[bizweb.dktcdn.net/thumb/medium/100/429/689/products/f35299fdc3d25f7880cb54e602dd3281502f.jpg]
[bizweb.dktcdn.net/thumb/compact/100/429/689/products/f35299fdc3d25f7880cb54e602dd3281502f.jpg]
[bizweb.dktcdn.net/100/429/689/products/f35299fdc3d25f7880cb54e602dd3281502f.jpg]
[pocomart.mysapo.net/ke-gia-vi-nha-bep-hien-dai.html]
[bizweb.dktcdn.net/thumb/medium/100/429/689/products/3fb39f325d3c1c7f5661eb9e03a5039e60c8.jpg]
[bizweb.dktcdn.net/thumb/compact/100/429/689/products/3fb39f325d3c1c7f5661eb9e03a5039e60c8.jpg]
[bizweb.dktcdn.net/100/429/689/products/3fb39f325d3c1c7f5661eb9e03a5039e60c8.jpg]
[pocomart.mysapo.net/ke-de-do-phong-bep-tien-loi.html]
[bizweb.dktcdn.net/thumb/medium/100/429/689/products/ac69b5574088ab6a771afe324362c3da48a4.jpg]
[bizweb.dktcdn.net/thumb/compact/100/429/689/products/ac69b5574088ab6a771afe324362c3da48a4.jpg]
[bizweb.dktcdn.net/100/429/689/products/ac69b5574088ab6a771afe324362c3da48a4.jpg]
[pocomart.mysapo.net/dung-cu-keo-dai-voi-nuoc-rua-tay.html]
[bizweb.dktcdn.net/thumb/medium/100/429/689/products/0aed3b567ecbfa222fe11167b81ea38fee71.jpg]
[bizweb.dktcdn.net/thumb/compact/100/429/689/products/0aed3b567ecbfa222fe11167b81ea38fee71.jpg]
[bizweb.dktcdn.net/100/429/689/products/0aed3b567ecbfa222fe11167b81ea38fee71.jpg]
[pocomart.mysapo.net/coc-danh-rang-uong-nuoc-lua-mach-luc-giac.html]
[bizweb.dktcdn.net/thumb/medium/100/429/689/products/61b9f051ae83b38a505a8a070cea008687ee.jpg]
[bizweb.dktcdn.net/thumb/compact/100/429/689/products/61b9f051ae83b38a505a8a070cea008687ee.jpg]
[bizweb.dktcdn.net/100/429/689/products/61b9f051ae83b38a505a8a070cea008687ee.jpg]
[pocomart.mysapo.net/dung-cu-cat-khoai-cat-thach-luon-song.html]
[bizweb.dktcdn.net/thumb/medium/100/429/689/products/48438ed78faa238f877c6375cf50f0ac28c5.jpg]
[bizweb.dktcdn.net/thumb/compact/100/429/689/products/48438ed78faa238f877c6375cf50f0ac28c5.jpg]
[bizweb.dktcdn.net/100/429/689/products/48438ed78faa238f877c6375cf50f0ac28c5.jpg]
[pocomart.mysapo.net/cap-long-com-lua-mach-4-tang.html]
[bizweb.dktcdn.net/thumb/medium/100/429/689/products/3a28481ffbf1de5f0259293edd5746717849.jpg]
[bizweb.dktcdn.net/thumb/compact/100/429/689/products/3a28481ffbf1de5f0259293edd5746717849.jpg]
[bizweb.dktcdn.net/100/429/689/products/3a28481ffbf1de5f0259293edd5746717849.jpg]
[pocomart.mysapo.net/tu-i-com-giu-nhie-t-tu-i-com-van-pho-ng-tui-dung-com.html]
[bizweb.dktcdn.net/thumb/medium/100/429/689/products/d6e4f6062e0d8b939f036b303c48f6033d98.jpg]
[bizweb.dktcdn.net/thumb/compact/100/429/689/products/d6e4f6062e0d8b939f036b303c48f6033d98.jpg]
[bizweb.dktcdn.net/100/429/689/products/d6e4f6062e0d8b939f036b303c48f6033d98.jpg]
[pocomart.mysapo.net/noi-com-dien-thong-minh-bear-sube015-dfb-b20a1.html]
[bizweb.dktcdn.net/thumb/medium/100/429/689/products/noi-com-dien-thong-minh-bear-sube015-dfb-b20a1-16204499710b0d.jpg]
[bizweb.dktcdn.net/thumb/compact/100/429/689/products/noi-com-dien-thong-minh-bear-sube015-dfb-b20a1-16204499710b0d.jpg]
[bizweb.dktcdn.net/100/429/689/products/noi-com-dien-thong-minh-bear-sube015-dfb-b20a1-16204499710b0d.jpg]
[pocomart.mysapo.net/am-sieu-toc-1-5l-bear-zdh-b15t1.html]
[bizweb.dktcdn.net/thumb/medium/100/429/689/products/am-sieu-toc-15-lit-bear-zdh-b15t1-021220207840.jpg]
[bizweb.dktcdn.net/thumb/compact/100/429/689/products/am-sieu-toc-15-lit-bear-zdh-b15t1-021220207840.jpg]
[bizweb.dktcdn.net/100/429/689/products/am-sieu-toc-15-lit-bear-zdh-b15t1-021220207840.jpg]
[pocomart.mysapo.net/may-xay-an-dam-0-3l-bear-qsj-a01f2-gr-b03v2.html]
[bizweb.dktcdn.net/thumb/medium/100/429/689/products/may-xay-an-dam-03l-bear-qsj-a01f2-gr-b03v2-1206202165a2.png]
[bizweb.dktcdn.net/thumb/compact/100/429/689/products/may-xay-an-dam-03l-bear-qsj-a01f2-gr-b03v2-1206202165a2.png]
[bizweb.dktcdn.net/100/429/689/products/may-xay-an-dam-03l-bear-qsj-a01f2-gr-b03v2-1206202165a2.png]
[pocomart.mysapo.net/may-xay-an-dam-3-coi-bear-llj-c04j1-gr-b03v1.html]
[bizweb.dktcdn.net/thumb/medium/100/429/689/products/may-xay-an-dam-3-coi-bear-llj-c04j1-gr-b03v1-120620211cf7.png]
[bizweb.dktcdn.net/thumb/compact/100/429/689/products/may-xay-an-dam-3-coi-bear-llj-c04j1-gr-b03v1-120620211cf7.png]
[bizweb.dktcdn.net/100/429/689/products/may-xay-an-dam-3-coi-bear-llj-c04j1-gr-b03v1-120620211cf7.png]
[pocomart.mysapo.net/noi-nau-cham-0-8l-bear-sube001-ban-quoc-te.html]
[bizweb.dktcdn.net/thumb/medium/100/429/689/products/noi-nau-cham-08l-bear-sube001-ban-quoc-te-110120212325.jpg]
[bizweb.dktcdn.net/thumb/compact/100/429/689/products/noi-nau-cham-08l-bear-sube001-ban-quoc-te-110120212325.jpg]
[bizweb.dktcdn.net/100/429/689/products/noi-nau-cham-08l-bear-sube001-ban-quoc-te-110120212325.jpg]
[pocomart.mysapo.net/collections/all.html]
[pocomart.mysapo.net/xiaomi.html]
[bizweb.dktcdn.net/100/429/689/files/si-u-sale-12-12-1200x300-1-ce1226ae-e9f0-4739-bdc7-743e9d2322e01e94.png]
[pocomart.mysapo.net/phu-kien-thiet-bi-so.html]
[pocomart.mysapo.net/may-anh-quay-phim.html]
[bizweb.dktcdn.net/100/429/689/files/banner-leng67ba.jpg]
[pocomart.mysapo.net/dien-gia-dung-nha-bep.html]
[bizweb.dktcdn.net/100/429/689/files/636951730442245317-636900690597830169-banner-laptop-online-c1-1200x300-2x0cf9.png]
[pocomart.mysapo.net/laptop-thiet-bi-it.html]
[pocomart.mysapo.net/may-choi-game-tro-choi.html]
[pocomart.mysapo.net/trang-suc-sanh-dieu.html]
[bizweb.dktcdn.net/100/429/689/files/banner-trang-chu5-dbebb977bc162e.jpg]
[pocomart.mysapo.net/nike-giay-the-thao-unisex-k0bw5mqg.html]
[bizweb.dktcdn.net/thumb/medium/100/429/689/products/2020062814441974013bd8.jpg]
[bizweb.dktcdn.net/thumb/compact/100/429/689/products/2020062814441974013bd8.jpg]
[bizweb.dktcdn.net/100/429/689/products/2020062814441974013bd8.jpg]
[pocomart.mysapo.net/kappag-giay-the-thao-unisex-k0bw5mq01-09x0.html]
[bizweb.dktcdn.net/thumb/medium/100/429/689/products/2020062814442206822527.jpg]
[bizweb.dktcdn.net/thumb/compact/100/429/689/products/2020062814442206822527.jpg]
[bizweb.dktcdn.net/100/429/689/products/2020062814442206822527.jpg]
[pocomart.mysapo.net/kappag-giay-the-thao-unisex-k0bw5mq01-030.html]
[bizweb.dktcdn.net/thumb/medium/100/429/689/products/202006281442587244f303.jpg]
[bizweb.dktcdn.net/thumb/compact/100/429/689/products/202006281442587244f303.jpg]
[bizweb.dktcdn.net/100/429/689/products/202006281442587244f303.jpg]
[pocomart.mysapo.net/kappa-giay-the-thao-nam-k0a55mq43-124.html]
[bizweb.dktcdn.net/thumb/medium/100/429/689/products/202006231804293963-20613.jpg]
[bizweb.dktcdn.net/thumb/compact/100/429/689/products/202006231804293963-20613.jpg]
[bizweb.dktcdn.net/100/429/689/products/202006231804293963-20613.jpg]
[pocomart.mysapo.net/thoi-trang-lam-dep.html]
[pocomart.mysapo.net/san-pham-khuyen-mai.html]
[pocomart.mysapo.net/thoi-trang-nu.html]
[pocomart.mysapo.net/thoi-trang-nam.html]
[pocomart.mysapo.net/dong-ho-trang-suc.html]
[pocomart.mysapo.net/giay-dep-nu.html]
[pocomart.mysapo.net/giay-dep-nam.html]
[pocomart.mysapo.net/phu-kien-thoi-trang.html]
[bizweb.dktcdn.net/100/429/689/files/banner-mogen-1aeb1.jpg]
[pocomart.mysapo.net/nha-cua-doi-song.html]
[bizweb.dktcdn.net/100/429/689/files/tuan-sach-van-hoc-theo-chu-de-giam-den-50-tiki-banner-0bfb7fed-d1bd-4351-b198-ed90d26ea3602e6a.jpg]
[pocomart.mysapo.net/sach-tieu-thuyet.html]
[pocomart.mysapo.net/gioi-thieu.html]
[pocomart.mysapo.net/nha-phan-tich-nay-khang-dinh-apple-watch-da-vuot-qua-cac-doi-thu-tu-cach-day-ca-thap-ky.html]
[pocomart.mysapo.net/tin-moi-nhat.html]
[pocomart.mysapo.net/meo-tim-kiem-anh-cuc-nhanh-tren-iphone-ma-gan-nhu-tat-ca-nguoi-dung-deu-chua-tung-biet.html]
[pocomart.mysapo.net/loat-may-chieu-mini-gia-2-trieu-dong-de-xem-bong-da.html]
[pocomart.mysapo.net/kham-pha-may-loc-nuoc-0-dong-cua-kangaroo.html]
[pocomart.mysapo.net/find-x3-pro-do-camera-cung-galaxy-s21-ultra.html]
[pocomart.mysapo.net/noi-chien-khong-dau-dung-tich-lon-gia-2-trieu-dong.html]
[pocomart.mysapo.net/tin-tuc.html]
[pocomart.mysapo.net/tin-tuc4658.html]
[pocomart.mysapo.net/doi-song.html]
[pocomart.mysapo.net/giao-duc.html]
[pocomart.mysapo.net/khuyen-mai.html]
[pocomart.mysapo.net/su-kien.html]
[pocomart.mysapo.net/cau-hoi-thuong-gap.html]
[bizweb.dktcdn.net/100/429/689/themes/869367/assets/page-question.scss2c6f.css]
[bizweb.dktcdn.net/100/429/689/files/thungantrangtri-b4d1efe6-29e4-4629-afe7-61c2089a1580ef1c.jpg]
[pocomart.mysapo.net/tuyen-dung.html]
[pocomart.mysapo.net/lien-he.html]
[bizweb.dktcdn.net/100/429/689/themes/869367/assets/contact_style.scss2c6f.css]
[bizweb.dktcdn.net/thumb/medium/100/429/689/products/galaxy-s21-ultra-5g-black-didongviet-4d629582-00f6-4573-8389-68c74b9fafa8d72a.jpg]
[bizweb.dktcdn.net/thumb/medium/100/429/689/products/gia-galaxy-s21-ultra-5g-256gb-cb57089d-30f5-45a2-917b-ddbb89bf9ebad72a.jpg]
[bizweb.dktcdn.net/100/429/689/themes/869367/assets/product_style.scss2c6f.css]
[bizweb.dktcdn.net/thumb/grande/100/429/689/products/dien-thoai-samsung-galaxy-s21-ultra-5g-256g-g998b-bac-h0l175-b6ac0e17-afc8-42a9-bb4f-aecaf81ad7e2d72a.jpg]
[bizweb.dktcdn.net/thumb/1024x1024/100/429/689/products/dien-thoai-samsung-galaxy-s21-ultra-5g-256g-g998b-bac-h0l175-b6ac0e17-afc8-42a9-bb4f-aecaf81ad7e2d72a.jpg]
[bizweb.dktcdn.net/thumb/1024x1024/100/429/689/products/galaxy-s21-ultra-5g-black-didongviet-4d629582-00f6-4573-8389-68c74b9fafa8d72a.jpg]
[bizweb.dktcdn.net/thumb/1024x1024/100/429/689/products/gia-galaxy-s21-ultra-5g-256gb-cb57089d-30f5-45a2-917b-ddbb89bf9ebad72a.jpg]
[bizweb.dktcdn.net/thumb/1024x1024/100/429/689/products/de4afc174454fe2f7a04783d6e886346-d7b87c6a-be48-4e4d-aada-b5d76d2097fcd72a.jpg]
[bizweb.dktcdn.net/thumb/1024x1024/100/429/689/products/galaxy-s21-plus-5g-bac-didongviet-1-719e9485-fd05-4c6d-bd44-7e5f6ed19132d72a.jpg]
[bizweb.dktcdn.net/thumb/1024x1024/100/429/689/products/samsung-galaxy-s21-ultra-128gb-2b876384-8d1d-42e7-86b1-72ae58405538d72a.jpg]
[hoanghamobile.com/Uploads/2021/01/16/s21-ultra.jpg]
[hoanghamobile.com/Uploads/2021/01/16/s21-ultra-2.jpg]
[hoanghamobile.com/Uploads/2021/01/16/s21-ultra-3.jpg]
[hoanghamobile.com/Uploads/2021/01/16/s21-ultra-4.jpg]
[bizweb.dktcdn.net/100/429/689/themes/869367/assets/customer-support2c6f.png]
[bizweb.dktcdn.net/100/429/689/themes/869367/assets/delivery-truck2c6f.png]
[bizweb.dktcdn.net/100/429/689/themes/869367/assets/credit-card2c6f.png]
[bizweb.dktcdn.net/100/429/689/themes/869367/assets/messenger-icon2c6f.png]
[bizweb.dktcdn.net/100/429/689/themes/869367/assets/zalo-icon2c6f.png]
[pocomart.mysapo.net/blogs/all/tagged/samsung-news.html]
[bizweb.dktcdn.net/100/429/689/themes/869367/assets/bpr-products-module2c6f.css]
[bizweb.dktcdn.net/100/429/689/themes/869367/assets/lightgallery2c6f.css]
[pocomart.mysapo.net/samsung-galaxy-note-21.html]
[bizweb.dktcdn.net/100/429/689/themes/869367/assets/lightgallery2c6f.js]
[bizweb.dktcdn.net/thumb/medium/100/429/689/products/apple-iphone-12-mini-3-f12f8dba-9d92-4173-8b32-cc2ce74df3530173.png]
[bizweb.dktcdn.net/thumb/medium/100/429/689/products/apple-iphone-12-mini-4-5a94f220-d568-4f75-a681-9f5e29345d04c865.png]
[bizweb.dktcdn.net/thumb/grande/100/429/689/products/apple-iphone-12-mini-2-0340d148-dd79-40b3-b8ad-95ed589c7b5ab4f9.png]
[bizweb.dktcdn.net/thumb/1024x1024/100/429/689/products/apple-iphone-12-mini-2-0340d148-dd79-40b3-b8ad-95ed589c7b5ab4f9.png]
[bizweb.dktcdn.net/thumb/1024x1024/100/429/689/products/apple-iphone-12-mini-3-f12f8dba-9d92-4173-8b32-cc2ce74df3530173.png]
[bizweb.dktcdn.net/thumb/1024x1024/100/429/689/products/apple-iphone-12-mini-4-5a94f220-d568-4f75-a681-9f5e29345d04c865.png]
[bizweb.dktcdn.net/thumb/1024x1024/100/429/689/products/apple-iphone-12-mini-5-d8de6ea4-01c0-47f2-9f80-53eda711c183304c.png]
[bizweb.dktcdn.net/100/429/689/products/apple-iphone-12-mini-3-f12f8dba-9d92-4173-8b32-cc2ce74df3530173.png]
[bizweb.dktcdn.net/100/429/689/products/apple-iphone-12-mini-4-5a94f220-d568-4f75-a681-9f5e29345d04c865.png]
[hoanghamobile.com/Uploads/Content/2020/10/14/apple--dien-thoai-di-dong-apple-iphone-12-mini-64gb-chinh-hang-vn-a-1.jpg]
[hoanghamobile.com/Uploads/Content/2020/10/14/apple--dien-thoai-di-dong-apple-iphone-12-128gb-chinh-hang-vn-a-2.jpg]
[hoanghamobile.com/Uploads/Content/2020/10/14/apple--dien-thoai-di-dong-apple-iphone-12-128gb-chinh-hang-vn-a-3.jpg]
[hoanghamobile.com/Uploads/Content/2020/10/14/apple--dien-thoai-di-dong-apple-iphone-12-128gb-chinh-hang-vn-a-4.jpg]
[hoanghamobile.com/Uploads/Content/2020/10/14/apple--dien-thoai-di-dong-apple-iphone-12-128gb-chinh-hang-vn-a-5.jpg]
[pocomart.mysapo.net/apple-iphone-12-mini-new.html]
[pocomart.mysapo.net/blogs/all/tagged/iphone-news.html]
[bizweb.dktcdn.net/thumb/medium/100/429/689/products/iphone-12-pro-max-va-ng-8182d2cc-ab3f-4752-ac55-caebfa754ec59935.jpg]
[bizweb.dktcdn.net/thumb/medium/100/429/689/products/iphone-12-pro-max-128gb-graphite-0194252021200-25102020-1-p-d8dc7b9e-000e-471a-bb66-86b53977adc49935.jpg]
[bizweb.dktcdn.net/thumb/grande/100/429/689/products/iphone-12-pro-max-xanh-561e05b7-eed5-40c8-9065-49b5a1cea4239935.jpg]
[bizweb.dktcdn.net/thumb/1024x1024/100/429/689/products/iphone-12-pro-max-xanh-561e05b7-eed5-40c8-9065-49b5a1cea4239935.jpg]
[bizweb.dktcdn.net/thumb/1024x1024/100/429/689/products/iphone-12-pro-max-va-ng-8182d2cc-ab3f-4752-ac55-caebfa754ec59935.jpg]
[bizweb.dktcdn.net/thumb/1024x1024/100/429/689/products/iphone-12-pro-max-128gb-graphite-0194252021200-25102020-1-p-d8dc7b9e-000e-471a-bb66-86b53977adc49935.jpg]
[bizweb.dktcdn.net/thumb/1024x1024/100/429/689/products/iphone-12-pro-max-ba-c-421ff829-a49e-41b5-b192-56fcc201dc469935.jpg]
[bizweb.dktcdn.net/100/429/689/products/iphone-12-pro-max-ba-c-421ff829-a49e-41b5-b192-56fcc201dc469935.jpg]
[bizweb.dktcdn.net/100/429/689/products/iphone-12-pro-max-va-ng-8182d2cc-ab3f-4752-ac55-caebfa754ec59935.jpg]
[bizweb.dktcdn.net/100/429/689/products/iphone-12-pro-max-128gb-graphite-0194252021200-25102020-1-p-d8dc7b9e-000e-471a-bb66-86b53977adc49935.jpg]
[pocomart.mysapo.net/iphone-12-pro-max-like-new.html]
[bizweb.dktcdn.net/thumb/medium/100/429/689/products/494244363092-iphone-xr-bi-house-ba-o-ha-nh-apple-chi-nh-ha-ng-6c17e.jpg]
[bizweb.dktcdn.net/thumb/medium/100/429/689/products/if9ibc-ip-xr-yellowc17e.jpg]
[bizweb.dktcdn.net/thumb/grande/100/429/689/products/iphone-xr-mau-vang-didongviet-1-1-2c17e.jpg]
[bizweb.dktcdn.net/thumb/1024x1024/100/429/689/products/iphone-xr-mau-vang-didongviet-1-1-2c17e.jpg]
[bizweb.dktcdn.net/thumb/1024x1024/100/429/689/products/494244363092-iphone-xr-bi-house-ba-o-ha-nh-apple-chi-nh-ha-ng-6c17e.jpg]
[bizweb.dktcdn.net/thumb/1024x1024/100/429/689/products/if9ibc-ip-xr-yellowc17e.jpg]
[bizweb.dktcdn.net/thumb/1024x1024/100/429/689/products/sua-loi-face-id-khong-nhan-dien-tren-iphone-xr-viendidong-minc17e.jpg]
[bizweb.dktcdn.net/thumb/1024x1024/100/429/689/products/thay-vo-iphone-xr-viendidongc17e.jpg]
[hoanghamobile.com/Uploads/2021/01/22/xr-1.jpg]
[hoanghamobile.com/Uploads/2021/01/22/xr2.jpg]
[hoanghamobile.com/Uploads/2021/01/22/xe3.png]
[pocomart.mysapo.net/blogs/all/tagged/iphone-xr-news.html]
[pocomart.mysapo.net/iphone-xr-chinh-hang-vn-a.html]
[bizweb.dktcdn.net/thumb/medium/100/429/689/products/xiaomi-mi-10t-pro-5gd7d7.jpg]
[bizweb.dktcdn.net/thumb/medium/100/429/689/products/xiaomi-mi-10t-5g-2020-128gb-8gb-3b15159510e34b0d8d0a36acb4ddf1c3d7d7.jpg]
[bizweb.dktcdn.net/thumb/grande/100/429/689/products/xiaomi-mi-10t-prod7d7.jpg]
[bizweb.dktcdn.net/thumb/1024x1024/100/429/689/products/xiaomi-mi-10t-prod7d7.jpg]
[bizweb.dktcdn.net/thumb/1024x1024/100/429/689/products/xiaomi-mi-10t-pro-5gd7d7.jpg]
[bizweb.dktcdn.net/thumb/1024x1024/100/429/689/products/xiaomi-mi-10t-5g-2020-128gb-8gb-3b15159510e34b0d8d0a36acb4ddf1c3d7d7.jpg]
[bizweb.dktcdn.net/thumb/1024x1024/100/429/689/products/xiaomi-mi-10t-lite-5g-2020-128gb-6gb-e95520ab24b243f9a03377b513145c95d7d7.jpg]
[bizweb.dktcdn.net/thumb/1024x1024/100/429/689/products/xiaomi-mi-10t-pro-5g-7ff6d0f545434c60bda247e9c8048ca3-masterd7d7.jpg]
[bizweb.dktcdn.net/thumb/1024x1024/100/429/689/products/xiaomi-mi-10t-pro-5g-128gb-cosmic-black-6934177724985-29102020-01-pd7d7.jpg]
[bizweb.dktcdn.net/100/429/689/products/xiaomi-mi-10t-5g-2020-128gb-8gb-3b15159510e34b0d8d0a36acb4ddf1c3d7d7.jpg]
[bizweb.dktcdn.net/100/429/689/products/xiaomi-mi-10t-pro-5gd7d7.jpg]
[bizweb.dktcdn.net/100/429/689/products/xiaomi-mi-10t-lite-5g-2020-128gb-6gb-e95520ab24b243f9a03377b513145c95d7d7.jpg]
[hoanghamobile.com/Uploads/2021/01/26/mi10t-pro-1.jpg]
[hoanghamobile.com/Uploads/2021/01/26/mi10t-pro-2.jpg]
[hoanghamobile.com/Uploads/2021/01/26/mi10t-pro-3.jpg]
[hoanghamobile.com/Uploads/2021/01/26/mi10t-pro-4.jpg]
[pocomart.mysapo.net/xiaomi-mi-10t-pro-5g.html]
[pocomart.mysapo.net/blogs/all/tagged/xiaomi-news.html]
[bizweb.dktcdn.net/thumb/medium/100/429/689/products/iphone-12-do2c1a.jpg]
[bizweb.dktcdn.net/thumb/medium/100/429/689/products/apple-iphone-12-mini-22c1a.png]
[bizweb.dktcdn.net/thumb/grande/100/429/689/products/apple-iphone-12-mini-52c1a.png]
[bizweb.dktcdn.net/thumb/1024x1024/100/429/689/products/apple-iphone-12-mini-52c1a.png]
[bizweb.dktcdn.net/thumb/1024x1024/100/429/689/products/iphone-12-do2c1a.jpg]
[bizweb.dktcdn.net/thumb/1024x1024/100/429/689/products/apple-iphone-12-mini-22c1a.png]
[bizweb.dktcdn.net/thumb/1024x1024/100/429/689/products/apple-iphone-12-mini-32c1a.png]
[bizweb.dktcdn.net/thumb/1024x1024/100/429/689/products/apple-iphone-12-mini-42c1a.png]
[bizweb.dktcdn.net/100/429/689/products/apple-iphone-12-mini-42c1a.png]
[pocomart.mysapo.net/iphone-12-hang-quoc-te.html]
[pocomart.mysapo.net/san-pham-noi-bat.html]
[bizweb.dktcdn.net/thumb/medium/100/429/689/products/dien-thoai-samsung-galaxy-s21-ultra-5g-256g-g998b-bac-h0l1759f5b.jpg]
[bizweb.dktcdn.net/thumb/medium/100/429/689/products/gia-galaxy-s21-ultra-5g-256gb9f5b.jpg]
[bizweb.dktcdn.net/thumb/grande/100/429/689/products/galaxy-s21-ultra-5g-black-didongviet9f5b.jpg]
[bizweb.dktcdn.net/thumb/1024x1024/100/429/689/products/galaxy-s21-ultra-5g-black-didongviet9f5b.jpg]
[bizweb.dktcdn.net/thumb/1024x1024/100/429/689/products/dien-thoai-samsung-galaxy-s21-ultra-5g-256g-g998b-bac-h0l1759f5b.jpg]
[bizweb.dktcdn.net/thumb/1024x1024/100/429/689/products/gia-galaxy-s21-ultra-5g-256gb9f5b.jpg]
[bizweb.dktcdn.net/thumb/1024x1024/100/429/689/products/de4afc174454fe2f7a04783d6e8863469f5b.jpg]
[bizweb.dktcdn.net/thumb/1024x1024/100/429/689/products/galaxy-s21-plus-5g-bac-didongviet-19f5b.jpg]
[bizweb.dktcdn.net/thumb/1024x1024/100/429/689/products/samsung-galaxy-s21-ultra-128gb9f5b.jpg]
[bizweb.dktcdn.net/100/429/689/products/galaxy-s21-plus-5g-bac-didongviet-19f5b.jpg]
[pocomart.mysapo.net/samsung-galaxy-s21-ultra.html]
[bizweb.dktcdn.net/thumb/medium/100/429/689/products/iphone-12-pro-max-xanh6898.jpg]
[bizweb.dktcdn.net/thumb/medium/100/429/689/products/iphone-12-pro-max-128gb-graphite-0194252021200-25102020-1-p6898.jpg]
[bizweb.dktcdn.net/thumb/grande/100/429/689/products/iphone-12-pro-max-ba-c6898.jpg]
[bizweb.dktcdn.net/thumb/1024x1024/100/429/689/products/iphone-12-pro-max-ba-c6898.jpg]
[bizweb.dktcdn.net/thumb/1024x1024/100/429/689/products/iphone-12-pro-max-xanh6898.jpg]
[bizweb.dktcdn.net/thumb/1024x1024/100/429/689/products/iphone-12-pro-max-128gb-graphite-0194252021200-25102020-1-p6898.jpg]
[bizweb.dktcdn.net/thumb/1024x1024/100/429/689/products/iphone-12-pro-max-va-ng6898.jpg]
[bizweb.dktcdn.net/100/429/689/products/iphone-12-pro-max-xanh6898.jpg]
[bizweb.dktcdn.net/100/429/689/products/iphone-12-pro-max-va-ng6898.jpg]
[bizweb.dktcdn.net/100/429/689/products/iphone-12-pro-max-128gb-graphite-0194252021200-25102020-1-p6898.jpg]
[pocomart.mysapo.net/iphone-12-pro-max-chinh-hang.html]
[bizweb.dktcdn.net/thumb/medium/100/429/689/products/304itd0-a0u-7-37988d49-819b-4958-9e9f-6954a99554371f4c.jpg]
[bizweb.dktcdn.net/thumb/medium/100/429/689/products/31169fw-001-1-d0aa003a-ba34-4ca9-9564-42887f8a73f31f4c.jpg]
[bizweb.dktcdn.net/thumb/grande/100/429/689/products/304itd0-a0u-vuong-a0954654-0a43-4a9c-a026-5786147d0bf01f4c.jpg]
[bizweb.dktcdn.net/thumb/1024x1024/100/429/689/products/304itd0-a0u-vuong-a0954654-0a43-4a9c-a026-5786147d0bf01f4c.jpg]
[bizweb.dktcdn.net/thumb/1024x1024/100/429/689/products/304itd0-a0u-7-37988d49-819b-4958-9e9f-6954a99554371f4c.jpg]
[bizweb.dktcdn.net/thumb/1024x1024/100/429/689/products/31169fw-001-1-d0aa003a-ba34-4ca9-9564-42887f8a73f31f4c.jpg]
[bizweb.dktcdn.net/thumb/1024x1024/100/429/689/products/31169fw-001-d850fcd5-89e7-4caf-b778-191246e6ee311f4c.jpg]
[pocomart.mysapo.net/kappa-giay-the-thao-nam-nu-001.html]
[bizweb.dktcdn.net/thumb/medium/100/429/689/products/31169fw-001-2-17b28.jpg]
[bizweb.dktcdn.net/thumb/medium/100/429/689/products/31169fw-001-a439d008-9a37-4e97-8492-10780b33a4147b28.jpg]
[bizweb.dktcdn.net/thumb/grande/100/429/689/products/31169fw-001-17b28.jpg]
[bizweb.dktcdn.net/thumb/1024x1024/100/429/689/products/31169fw-001-17b28.jpg]
[bizweb.dktcdn.net/thumb/1024x1024/100/429/689/products/31169fw-001-2-17b28.jpg]
[bizweb.dktcdn.net/thumb/1024x1024/100/429/689/products/31169fw-001-a439d008-9a37-4e97-8492-10780b33a4147b28.jpg]
[pocomart.mysapo.net/kappa-giay-the-thao-nam-nu-31169fw-001.html]
[bizweb.dktcdn.net/thumb/medium/100/429/689/products/202006231804293963-198a7.jpg]
[bizweb.dktcdn.net/thumb/medium/100/429/689/products/3116z2w-a04-398a7.jpg]
[bizweb.dktcdn.net/thumb/grande/100/429/689/products/3116z2w-a04-vuong98a7.jpg]
[bizweb.dktcdn.net/thumb/1024x1024/100/429/689/products/3116z2w-a04-vuong98a7.jpg]
[bizweb.dktcdn.net/thumb/1024x1024/100/429/689/products/202006231804293963-198a7.jpg]
[bizweb.dktcdn.net/thumb/1024x1024/100/429/689/products/3116z2w-a04-398a7.jpg]
[bizweb.dktcdn.net/thumb/1024x1024/100/429/689/products/202006231804293963-2-6016dc1f-02e2-4278-b80b-de562fa2c3ac98a7.jpg]
[bizweb.dktcdn.net/thumb/1024x1024/100/429/689/products/202006231804293963-802b8129-d726-41b5-8987-a38cd8c5bc6198a7.jpg]
[pocomart.mysapo.net/kappa-giay-the-thao-nam-nu-3116z2w-a04.html]
[bizweb.dktcdn.net/thumb/medium/100/429/689/products/304itd0-a0u-vuong-42a33344-143f-4ed5-9747-56f2369672ddab09.jpg]
[bizweb.dktcdn.net/thumb/medium/100/429/689/products/3116z3w-001-2ab09.jpg]
[bizweb.dktcdn.net/thumb/grande/100/429/689/products/3116z3w-001-vuongab09.jpg]
[bizweb.dktcdn.net/thumb/1024x1024/100/429/689/products/3116z3w-001-vuongab09.jpg]
[bizweb.dktcdn.net/thumb/1024x1024/100/429/689/products/304itd0-a0u-vuong-42a33344-143f-4ed5-9747-56f2369672ddab09.jpg]
[bizweb.dktcdn.net/thumb/1024x1024/100/429/689/products/3116z3w-001-2ab09.jpg]
[bizweb.dktcdn.net/thumb/1024x1024/100/429/689/products/31169fw-a04-vuong-aa7edbbf-20d8-46e0-b574-46438fb53d63ab09.jpg]
[pocomart.mysapo.net/kappa-giay-the-thao-nam-nu-3116z3w-001.html]
[bizweb.dktcdn.net/thumb/medium/100/429/689/products/31169fw-a04-vuong-2b8c0a8a-0ee8-4888-bc46-3c516f9eab88cbef.jpg]
[bizweb.dktcdn.net/thumb/medium/100/429/689/products/31169fw-001cbef.jpg]
[bizweb.dktcdn.net/thumb/grande/100/429/689/products/22052337710-379631097-1-a3a3a0dc-118c-4382-b2da-c080f28b8997cbef.jpg]
[bizweb.dktcdn.net/thumb/1024x1024/100/429/689/products/22052337710-379631097-1-a3a3a0dc-118c-4382-b2da-c080f28b8997cbef.jpg]
[bizweb.dktcdn.net/thumb/1024x1024/100/429/689/products/31169fw-a04-vuong-2b8c0a8a-0ee8-4888-bc46-3c516f9eab88cbef.jpg]
[bizweb.dktcdn.net/thumb/1024x1024/100/429/689/products/31169fw-001cbef.jpg]
[bizweb.dktcdn.net/thumb/1024x1024/100/429/689/products/304itd0-a0u-vuong-6d96c2df-6d9f-46e7-896a-590ae16c0247cbef.jpg]
[bizweb.dktcdn.net/thumb/1024x1024/100/429/689/products/31169fw-001-2cbef.jpg]
[bizweb.dktcdn.net/thumb/1024x1024/100/429/689/products/311685w-a0f-vuong-0238a9d5-370c-480a-afcd-cb9146d01f2ecbef.jpg]
[pocomart.mysapo.net/giay-the-thao-nam-nu-31169fw-001.html]
[bizweb.dktcdn.net/thumb/medium/100/429/689/products/31169fw-a04-3-100cb.jpg]
[bizweb.dktcdn.net/thumb/grande/100/429/689/products/31169fw-a04-vuong00cb.jpg]
[bizweb.dktcdn.net/thumb/1024x1024/100/429/689/products/31169fw-a04-vuong00cb.jpg]
[bizweb.dktcdn.net/thumb/1024x1024/100/429/689/products/31169fw-a04-3-100cb.jpg]
[pocomart.mysapo.net/kappa-giay-the-thao-nam-nu-31169fw-a04.html]
[bizweb.dktcdn.net/thumb/medium/100/429/689/products/304itd0-a0u-7ab5c.jpg]
[bizweb.dktcdn.net/thumb/medium/100/429/689/products/9899512261da2bafbe3ddc50d865bba6ab5c.jpg]
[bizweb.dktcdn.net/thumb/grande/100/429/689/products/304itd0-a0u-vuongab5c.jpg]
[bizweb.dktcdn.net/thumb/1024x1024/100/429/689/products/304itd0-a0u-vuongab5c.jpg]
[bizweb.dktcdn.net/thumb/1024x1024/100/429/689/products/304itd0-a0u-7ab5c.jpg]
[bizweb.dktcdn.net/thumb/1024x1024/100/429/689/products/9899512261da2bafbe3ddc50d865bba6ab5c.jpg]
[bizweb.dktcdn.net/thumb/1024x1024/100/429/689/products/22052337710-379631097-1ab5c.jpg]
[pocomart.mysapo.net/kappa-giay-the-thao-nam-nu-304itd0-a0u.html]
[bizweb.dktcdn.net/thumb/medium/100/429/689/products/311685w-a0f-2ff73.jpg]
[bizweb.dktcdn.net/thumb/grande/100/429/689/products/311685w-a0f-vuongff73.jpg]
[bizweb.dktcdn.net/thumb/1024x1024/100/429/689/products/311685w-a0f-vuongff73.jpg]
[bizweb.dktcdn.net/thumb/1024x1024/100/429/689/products/311685w-a0f-2ff73.jpg]
[pocomart.mysapo.net/kappa-giay-the-thao-nam-nu-311685w-a0f.html]
[pocomart.mysapo.net/blogs/tin-tuc.html]
[pocomart.mysapo.net/blogs/all.html]
[pocomart.mysapo.net/blogs/all4658.html]
[bizweb.dktcdn.net/thumb/grande/100/429/689/articles/galaxy-fold-black-home-screen-open08de.jpg]
[pocomart.mysapo.net/https_/bizweb.dktcdn.net/100/429/689/articles/galaxy-fold-black-home-screen-open08de.jpg]
[i1-sohoa.vnecdn.net/2021/06/08/insider-hints-at-likely-samsun-1694-1549-16230885979815.jpg]
[pocomart.mysapo.net/galaxy-z-fold-3-va-z-flip-3-se-co-gia-re-hon.html]
[bizweb.dktcdn.net/thumb/grande/100/429/689/articles/bun-rieu-da-lat-17884.jpg]
[pocomart.mysapo.net/https_/bizweb.dktcdn.net/100/429/689/articles/bun-rieu-da-lat-1.1e77884.delayed]
[i1-giadinh.vnecdn.net/2021/06/12/Anh-5-6069-16234860280e19.jpg]
[pocomart.mysapo.net/cach-lam-bun-suon-nau-sau-thanh-mat.html]
[bizweb.dktcdn.net/thumb/grande/100/429/689/articles/khuyen-mai-viettel-31-08fd1a.jpg]
[pocomart.mysapo.net/https_/bizweb.dktcdn.net/100/429/689/articles/khuyen-mai-viettel-31-08.1ebfd1a.delayed]
[genk.mediacdn.vn/thumb_w/660/2019/10/15/626x351-02-1571121483574693383512.jpg]
[genk.mediacdn.vn/2019/10/15/723438208632973207313776238485846215884800n-1571121554131171459616.jpg]
[pocomart.mysapo.net/viettel-dang-tang-nguoi-dung-3gb-truy-cap-internet-mien-phi-ap-dung-cho-tat-ca-cac-loai-thue-bao.html]
[bizweb.dktcdn.net/thumb/grande/100/429/689/articles/smart-tivi-samsung-55-inch-ua55tu8000kxxv-4k-uhd29ec.jpg]
[pocomart.mysapo.net/https_/bizweb.dktcdn.net/100/429/689/articles/smart-tivi-samsung-55-inch-ua55tu8000kxxv-4k-uhd.1f029ec.delayed]
[genk.mediacdn.vn/2019/3/11/samsung-1552291757575887478157.png]
[genk.mediacdn.vn/2019/3/11/ezgifcom-optimize-1552289831883676513593.gif]
[genk.mediacdn.vn/thumb_w/660/2019/3/11/p1030878-1920x1080-1552290230818865773307.jpg]
[genk.mediacdn.vn/thumb_w/660/2019/3/11/dl156tcucaeivbb-1552289823929702948065.jpg]
[pocomart.mysapo.net/tv-samsung-dang-giam-gia-manh-co-mau-giam-toi-15-trieu-de-kich-cau-dau-nam.html]
[bizweb.dktcdn.net/100/429/689/themes/869367/assets/ajaxcart.scss2c6f.css]
[bizweb.dktcdn.net/100/429/689/themes/869367/assets/animate.scss2c6f.css]
[cdnjs.cloudflare.com/ajax/libs/font-awesome/5.15.3/css/all.min.css]
[bizweb.dktcdn.net/100/429/689/themes/869367/assets/i-up-arrow983a.svg]
[bizweb.dktcdn.net/100/429/689/themes/869367/assets/users9c00.svg]
[bizweb.dktcdn.net/100/429/689/themes/869367/assets/call9c00.svg]
[bizweb.dktcdn.net/100/429/689/themes/869367/assets/wall-clock9c00.svg]
[bizweb.dktcdn.net/100/429/689/themes/869367/assets/ico-select9c00.png]
[bizweb.dktcdn.net/100/429/689/themes/869367/assets/account_oder_style.scss2c6f.css]
[pocomart.mysapo.net/account/register.html]
[bizweb.dktcdn.net/100/429/689/themes/869367/assets/blog_article_style.scss2c6f.css]
[bizweb.dktcdn.net/100/429/689/themes/869367/assets/i-tags9c00.svg]
[bizweb.dktcdn.net/100/429/689/themes/869367/assets/sidebar_style.scss2c6f.css]
[bizweb.dktcdn.net/100/429/689/themes/869367/assets/i-plus9c00.svg]
[bizweb.dktcdn.net/thumb/grande/100/429/689/articles/samsung-galaxy-tab-a7-10-4-full-phone-specifications8579.jpg]
[pocomart.mysapo.net/https_/bizweb.dktcdn.net/100/429/689/articles/samsung-galaxy-tab-a7-10-4-full-phone-specifications.1fb8579.delayed]
[i1-sohoa.vnecdn.net/2021/06/10/2-1799-1623290590e8de.jpg]
[i1-sohoa.vnecdn.net/2021/06/09/ef-bt220p-004-standing2-dark-g-9029-1208-1623216979cf4b.jpg]
[pocomart.mysapo.net/galaxy-tab-a7-lite-may-tinh-bang-nho-gon-tien-dung.html]
[bizweb.dktcdn.net/thumb/grande/100/429/689/articles/5136-11993f19e.jpg]
[pocomart.mysapo.net/https_/bizweb.dktcdn.net/100/429/689/articles/5136-11993.200f19e.delayed]
[i1-sohoa.vnecdn.net/2021/06/09/gsmarena-001-8-1623173530-2046-16231735448ace.jpg]
[pocomart.mysapo.net/sony-tai-nghe-true-wireless-nho-gon.html]
[bizweb.dktcdn.net/100/429/689/themes/869367/assets/page-compare.scss2c6f.css]
[bizweb.dktcdn.net/100/429/689/themes/869367/assets/collection_style.scss2c6f.css]
[pocomart.mysapo.net/https_/bizweb.dktcdn.net/100/429/689/articles/d87b025e27bd6c1a7804af8b6046c30e0d8f.html]
[bizweb.dktcdn.net/thumb/grande/100/429/689/articles/apple-ihome-concept-1f8e6.jpg]
[pocomart.mysapo.net/https_/bizweb.dktcdn.net/100/429/689/articles/apple-ihome-concept-1f8e6.jpg]
[i1-sohoa.vnecdn.net/2021/06/11/imac-m1-3-1623408525-9666-162340925911d4.jpg]
[i1-sohoa.vnecdn.net/2021/06/11/Apple-AirTag-vnexpress-SONR477-9537-7099-16234092594d82.jpg]
[pocomart.mysapo.net/hang-loat-thiet-bi-moi-cua-apple-chay-hang-o-viet-nam.html]
[bizweb.dktcdn.net/thumb/medium/100/429/689/products/8414d209a4aec629a11dd50f4e61ccdaf26f.jpg]
[bizweb.dktcdn.net/thumb/medium/100/429/689/products/bca36dff8c017e30d303820e3c8d96a139c5.jpg]
[bizweb.dktcdn.net/thumb/grande/100/429/689/products/f35299fdc3d25f7880cb54e602dd3281502f.jpg]
[bizweb.dktcdn.net/thumb/1024x1024/100/429/689/products/f35299fdc3d25f7880cb54e602dd3281502f.jpg]
[bizweb.dktcdn.net/thumb/1024x1024/100/429/689/products/8414d209a4aec629a11dd50f4e61ccdaf26f.jpg]
[bizweb.dktcdn.net/thumb/1024x1024/100/429/689/products/bca36dff8c017e30d303820e3c8d96a139c5.jpg]
[bizweb.dktcdn.net/thumb/1024x1024/100/429/689/products/934da733c15234181b1020d6bcf9998d1105.jpg]
[pocomart.mysapo.net/ban-an-da-cam-thach-trang-chan-dong-nhu.html]
[bizweb.dktcdn.net/thumb/medium/100/429/689/products/8bbc974ced9fe396aa60a30d8c023aefca26.jpg]
[bizweb.dktcdn.net/thumb/medium/100/429/689/products/4435d6f900316860fcc988e767dcaa693846.jpg]
[bizweb.dktcdn.net/thumb/grande/100/429/689/products/3fb39f325d3c1c7f5661eb9e03a5039e60c8.jpg]
[bizweb.dktcdn.net/thumb/1024x1024/100/429/689/products/3fb39f325d3c1c7f5661eb9e03a5039e60c8.jpg]
[bizweb.dktcdn.net/thumb/1024x1024/100/429/689/products/8bbc974ced9fe396aa60a30d8c023aefca26.jpg]
[bizweb.dktcdn.net/thumb/1024x1024/100/429/689/products/4435d6f900316860fcc988e767dcaa693846.jpg]
[pocomart.mysapo.net/ke-gia-vi-nha-bep-hien-dai.html]
[bizweb.dktcdn.net/thumb/grande/100/429/689/products/ac69b5574088ab6a771afe324362c3da48a4.jpg]
[bizweb.dktcdn.net/thumb/1024x1024/100/429/689/products/ac69b5574088ab6a771afe324362c3da48a4.jpg]
[pocomart.mysapo.net/ke-de-do-phong-bep-tien-loi.html]
[bizweb.dktcdn.net/thumb/medium/100/429/689/products/5434495523f94fb0bd7691eb95ce7e3f2d75.jpg]
[bizweb.dktcdn.net/thumb/medium/100/429/689/products/bb8438822da1470f10f6142044968130072d.jpg]
[bizweb.dktcdn.net/thumb/grande/100/429/689/products/0aed3b567ecbfa222fe11167b81ea38fee71.jpg]
[bizweb.dktcdn.net/thumb/1024x1024/100/429/689/products/0aed3b567ecbfa222fe11167b81ea38fee71.jpg]
[bizweb.dktcdn.net/thumb/1024x1024/100/429/689/products/5434495523f94fb0bd7691eb95ce7e3f2d75.jpg]
[bizweb.dktcdn.net/thumb/1024x1024/100/429/689/products/bb8438822da1470f10f6142044968130072d.jpg]
[bizweb.dktcdn.net/thumb/1024x1024/100/429/689/products/e0bb600ab3761ccd031cafd433c08aa6143d.jpg]
[pocomart.mysapo.net/dung-cu-keo-dai-voi-nuoc-rua-tay.html]
[bizweb.dktcdn.net/thumb/medium/100/429/689/products/c795a1bde1fd1137a9c16782ee08cbc5983e.jpg]
[bizweb.dktcdn.net/thumb/medium/100/429/689/products/faa1cc0edac145b1689ffe8fec3b55bb4c3b.jpg]
[bizweb.dktcdn.net/thumb/grande/100/429/689/products/61b9f051ae83b38a505a8a070cea008687ee.jpg]
[bizweb.dktcdn.net/thumb/1024x1024/100/429/689/products/61b9f051ae83b38a505a8a070cea008687ee.jpg]
[bizweb.dktcdn.net/thumb/1024x1024/100/429/689/products/c795a1bde1fd1137a9c16782ee08cbc5983e.jpg]
[bizweb.dktcdn.net/thumb/1024x1024/100/429/689/products/faa1cc0edac145b1689ffe8fec3b55bb4c3b.jpg]
[bizweb.dktcdn.net/thumb/1024x1024/100/429/689/products/75a14786f95fd7cf107f7d2a82e3fc1a6e06.jpg]
[pocomart.mysapo.net/coc-danh-rang-uong-nuoc-lua-mach-luc-giac.html]
[bizweb.dktcdn.net/thumb/medium/100/429/689/products/a2afd6b6a6fb7fe9483b63a430e69543cea4.jpg]
[bizweb.dktcdn.net/thumb/medium/100/429/689/products/cb7c527870ff3b32e19ba8f07662005730f6.jpg]
[bizweb.dktcdn.net/thumb/grande/100/429/689/products/48438ed78faa238f877c6375cf50f0ac28c5.jpg]
[bizweb.dktcdn.net/thumb/1024x1024/100/429/689/products/48438ed78faa238f877c6375cf50f0ac28c5.jpg]
[bizweb.dktcdn.net/thumb/1024x1024/100/429/689/products/a2afd6b6a6fb7fe9483b63a430e69543cea4.jpg]
[bizweb.dktcdn.net/thumb/1024x1024/100/429/689/products/cb7c527870ff3b32e19ba8f07662005730f6.jpg]
[bizweb.dktcdn.net/thumb/1024x1024/100/429/689/products/78060eb26f5899354b5e33cd6b8d124b3c62.jpg]
[bizweb.dktcdn.net/thumb/1024x1024/100/429/689/products/a97d804b878ec9a29ae61c09fa0131300ec9.jpg]
[pocomart.mysapo.net/dung-cu-cat-khoai-cat-thach-luon-song.html]
[bizweb.dktcdn.net/thumb/medium/100/429/689/products/6d0276f238e53d516683cc158ef399607849.jpg]
[bizweb.dktcdn.net/thumb/medium/100/429/689/products/000f05eb69b49b3b89d2a29e73a627ce7849.jpg]
[bizweb.dktcdn.net/thumb/grande/100/429/689/products/3a28481ffbf1de5f0259293edd5746717849.jpg]
[bizweb.dktcdn.net/thumb/1024x1024/100/429/689/products/3a28481ffbf1de5f0259293edd5746717849.jpg]
[bizweb.dktcdn.net/thumb/1024x1024/100/429/689/products/6d0276f238e53d516683cc158ef399607849.jpg]
[bizweb.dktcdn.net/thumb/1024x1024/100/429/689/products/000f05eb69b49b3b89d2a29e73a627ce7849.jpg]
[bizweb.dktcdn.net/thumb/1024x1024/100/429/689/products/79fd4bc749db10ecf994585ad5adeb327849.jpg]
[bizweb.dktcdn.net/thumb/1024x1024/100/429/689/products/cccae1eb1021c822aff6f92b7a636fd37849.jpg]
[pocomart.mysapo.net/cap-long-com-lua-mach-4-tang.html]
[bizweb.dktcdn.net/thumb/medium/100/429/689/products/26e741dc75872e2b9c05f2b4f5dd517d49ad.jpg]
[bizweb.dktcdn.net/thumb/medium/100/429/689/products/tui-dung-hop-com-giu-nhiet-baling-vm80059-1-master033a.jpg]
[bizweb.dktcdn.net/thumb/grande/100/429/689/products/d6e4f6062e0d8b939f036b303c48f6033d98.jpg]
[bizweb.dktcdn.net/thumb/1024x1024/100/429/689/products/d6e4f6062e0d8b939f036b303c48f6033d98.jpg]
[bizweb.dktcdn.net/thumb/1024x1024/100/429/689/products/26e741dc75872e2b9c05f2b4f5dd517d49ad.jpg]
[bizweb.dktcdn.net/thumb/1024x1024/100/429/689/products/tui-dung-hop-com-giu-nhiet-baling-vm80059-1-master033a.jpg]
[bizweb.dktcdn.net/thumb/1024x1024/100/429/689/products/adf879a74f9902a3ac1a1df0a6c5b1ef1238.jpg]
[pocomart.mysapo.net/tu-i-com-giu-nhie-t-tu-i-com-van-pho-ng-tui-dung-com.html]
[bizweb.dktcdn.net/thumb/medium/100/429/689/products/noi-com-di-0508-092738-utmtvgab9c.jpg]
[bizweb.dktcdn.net/thumb/medium/100/429/689/products/noi-com-di-0508-092737-kfcf8092a9.jpg]
[pocomart.mysapo.net/san-pham-ban-chay.html]
[bizweb.dktcdn.net/thumb/grande/100/429/689/products/noi-com-dien-thong-minh-bear-sube015-dfb-b20a1-16204499710b0d.jpg]
[bizweb.dktcdn.net/thumb/1024x1024/100/429/689/products/noi-com-dien-thong-minh-bear-sube015-dfb-b20a1-16204499710b0d.jpg]
[bizweb.dktcdn.net/thumb/1024x1024/100/429/689/products/noi-com-di-0508-092738-utmtvgab9c.jpg]
[bizweb.dktcdn.net/thumb/1024x1024/100/429/689/products/noi-com-di-0508-092737-kfcf8092a9.jpg]
[bizweb.dktcdn.net/thumb/1024x1024/100/429/689/products/noi-com-di-0508-092738-rvic8d57f7.jpg]
[pocomart.mysapo.net/noi-com-dien-thong-minh-bear-sube015-dfb-b20a1.html]
[bizweb.dktcdn.net/thumb/medium/100/429/689/products/am-sieu-to-1202-141251-hdtnvq2746.jpg]
[bizweb.dktcdn.net/thumb/medium/100/429/689/products/am-sieu-to-1202-141252-rjj95q75ec.jpg]
[bizweb.dktcdn.net/thumb/grande/100/429/689/products/am-sieu-toc-15-lit-bear-zdh-b15t1-021220207840.jpg]
[bizweb.dktcdn.net/thumb/1024x1024/100/429/689/products/am-sieu-toc-15-lit-bear-zdh-b15t1-021220207840.jpg]
[bizweb.dktcdn.net/thumb/1024x1024/100/429/689/products/am-sieu-to-1202-141251-hdtnvq2746.jpg]
[bizweb.dktcdn.net/thumb/1024x1024/100/429/689/products/am-sieu-to-1202-141252-rjj95q75ec.jpg]
[bizweb.dktcdn.net/thumb/1024x1024/100/429/689/products/am-sieu-to-1202-141252-70szphe278.jpg]
[bizweb.dktcdn.net/thumb/1024x1024/100/429/689/products/am-sieu-to-1202-141252-hu4bv2d2e4.jpg]
[pocomart.mysapo.net/am-sieu-toc-1-5l-bear-zdh-b15t1.html]
[bizweb.dktcdn.net/thumb/medium/100/429/689/products/may-xay-an-0612-092714-mfis5d9c16.png]
[bizweb.dktcdn.net/thumb/medium/100/429/689/products/may-xay-an-0612-092728-jpsaxq3365.png]
[bizweb.dktcdn.net/thumb/grande/100/429/689/products/may-xay-an-dam-03l-bear-qsj-a01f2-gr-b03v2-1206202165a2.png]
[bizweb.dktcdn.net/thumb/1024x1024/100/429/689/products/may-xay-an-dam-03l-bear-qsj-a01f2-gr-b03v2-1206202165a2.png]
[bizweb.dktcdn.net/thumb/1024x1024/100/429/689/products/may-xay-an-0612-092714-mfis5d9c16.png]
[bizweb.dktcdn.net/thumb/1024x1024/100/429/689/products/may-xay-an-0612-092728-jpsaxq3365.png]
[bizweb.dktcdn.net/thumb/1024x1024/100/429/689/products/may-xay-an-0612-092728-alcyf41e5e.png]
[bizweb.dktcdn.net/thumb/1024x1024/100/429/689/products/may-xay-an-0612-092729-jn5n3ee523.png]
[pocomart.mysapo.net/may-xay-an-dam-0-3l-bear-qsj-a01f2-gr-b03v2.html]
[bizweb.dktcdn.net/thumb/medium/100/429/689/products/i10-copy-0612-104950-q6xno30ce4.jpg]
[bizweb.dktcdn.net/thumb/medium/100/429/689/products/i5-copy-0612-105013-ehj1v54133.jpg]
[bizweb.dktcdn.net/thumb/grande/100/429/689/products/may-xay-an-dam-3-coi-bear-llj-c04j1-gr-b03v1-120620211cf7.png]
[bizweb.dktcdn.net/thumb/1024x1024/100/429/689/products/may-xay-an-dam-3-coi-bear-llj-c04j1-gr-b03v1-120620211cf7.png]
[bizweb.dktcdn.net/thumb/1024x1024/100/429/689/products/i10-copy-0612-104950-q6xno30ce4.jpg]
[bizweb.dktcdn.net/thumb/1024x1024/100/429/689/products/i5-copy-0612-105013-ehj1v54133.jpg]
[bizweb.dktcdn.net/thumb/1024x1024/100/429/689/products/8-copy-0612-104955-hq0xjb6354.jpg]
[bizweb.dktcdn.net/thumb/1024x1024/100/429/689/products/4-0612-104928-o57k6ec022.jpg]
[pocomart.mysapo.net/may-xay-an-dam-3-coi-bear-llj-c04j1-gr-b03v1.html]
[bizweb.dktcdn.net/thumb/medium/100/429/689/products/1215240444-0111-143543-ijacrr-jpeg09a9.jpg]
[bizweb.dktcdn.net/thumb/medium/100/429/689/products/17-copy-0111-142810-t6khch0a47.jpg]
[bizweb.dktcdn.net/thumb/grande/100/429/689/products/noi-nau-cham-08l-bear-sube001-ban-quoc-te-110120212325.jpg]
[bizweb.dktcdn.net/thumb/1024x1024/100/429/689/products/noi-nau-cham-08l-bear-sube001-ban-quoc-te-110120212325.jpg]
[bizweb.dktcdn.net/thumb/1024x1024/100/429/689/products/1215240444-0111-143543-ijacrr-jpeg09a9.jpg]
[bizweb.dktcdn.net/thumb/1024x1024/100/429/689/products/17-copy-0111-142810-t6khch0a47.jpg]
[bizweb.dktcdn.net/thumb/1024x1024/100/429/689/products/16-copy-0111-142810-kt9mxa8127.jpg]
[pocomart.mysapo.net/noi-nau-cham-0-8l-bear-sube001-ban-quoc-te.html]
[bizweb.dktcdn.net/thumb/medium/100/429/689/products/202006281444220682-e4d58be0-9991-4b1d-a3b6-45f117916e29ea41.jpg]
[bizweb.dktcdn.net/thumb/medium/100/429/689/products/2020062814442270885d27.jpg]
[bizweb.dktcdn.net/thumb/grande/100/429/689/products/2020062814441974013bd8.jpg]
[bizweb.dktcdn.net/thumb/1024x1024/100/429/689/products/2020062814441974013bd8.jpg]
[bizweb.dktcdn.net/thumb/1024x1024/100/429/689/products/202006281444220682-e4d58be0-9991-4b1d-a3b6-45f117916e29ea41.jpg]
[bizweb.dktcdn.net/thumb/1024x1024/100/429/689/products/2020062814442270885d27.jpg]
[bizweb.dktcdn.net/thumb/1024x1024/100/429/689/products/202006281444257244e5f5.jpg]
[pocomart.mysapo.net/blogs/all/tagged/nike-news.html]
[pocomart.mysapo.net/nike-giay-the-thao-unisex-k0bw5mqg.html]
[bizweb.dktcdn.net/thumb/medium/100/429/689/products/202006281442504901-1b38fed5-8215-4263-9053-961090e48d4d2527.jpg]
[bizweb.dktcdn.net/thumb/medium/100/429/689/products/202006281442587244-239d5661-9976-432b-b1b1-5d26609fca0b2527.jpg]
[bizweb.dktcdn.net/thumb/grande/100/429/689/products/2020062814442206822527.jpg]
[bizweb.dktcdn.net/thumb/1024x1024/100/429/689/products/2020062814442206822527.jpg]
[bizweb.dktcdn.net/thumb/1024x1024/100/429/689/products/202006281442504901-1b38fed5-8215-4263-9053-961090e48d4d2527.jpg]
[bizweb.dktcdn.net/thumb/1024x1024/100/429/689/products/202006281442587244-239d5661-9976-432b-b1b1-5d26609fca0b2527.jpg]
[bizweb.dktcdn.net/thumb/1024x1024/100/429/689/products/202006281443034276-fe9541eb-fa96-46d1-83db-485aeb0d66162527.jpg]
[bizweb.dktcdn.net/thumb/1024x1024/100/429/689/products/202006281443093651-cd7e5659-beed-431d-90e9-7f61ed3bd1632527.jpg]
[pocomart.mysapo.net/blogs/all/tagged/kappag-news.html]
[pocomart.mysapo.net/kappag-giay-the-thao-unisex-k0bw5mq01-09x0.html]
[bizweb.dktcdn.net/thumb/medium/100/429/689/products/202006281442504901aa8a.jpg]
[bizweb.dktcdn.net/thumb/medium/100/429/689/products/202006281443034276dc05.jpg]
[bizweb.dktcdn.net/thumb/grande/100/429/689/products/202006281442587244f303.jpg]
[bizweb.dktcdn.net/thumb/1024x1024/100/429/689/products/202006281442587244f303.jpg]
[bizweb.dktcdn.net/thumb/1024x1024/100/429/689/products/202006281442504901aa8a.jpg]
[bizweb.dktcdn.net/thumb/1024x1024/100/429/689/products/202006281443034276dc05.jpg]
[bizweb.dktcdn.net/thumb/1024x1024/100/429/689/products/2020062814430936511ff7.jpg]
[pocomart.mysapo.net/kappag-giay-the-thao-unisex-k0bw5mq01-030.html]
[bizweb.dktcdn.net/thumb/medium/100/429/689/products/20200623180429396318f3.jpg]
[bizweb.dktcdn.net/thumb/medium/100/429/689/products/2020062318042963072990.jpg]
[bizweb.dktcdn.net/thumb/grande/100/429/689/products/202006231804293963-20613.jpg]
[bizweb.dktcdn.net/thumb/1024x1024/100/429/689/products/202006231804293963-20613.jpg]
[bizweb.dktcdn.net/thumb/1024x1024/100/429/689/products/20200623180429396318f3.jpg]
[bizweb.dktcdn.net/thumb/1024x1024/100/429/689/products/2020062318042963072990.jpg]
[bizweb.dktcdn.net/thumb/1024x1024/100/429/689/products/2020062318042972448f97.jpg]
[bizweb.dktcdn.net/thumb/1024x1024/100/429/689/products/202006231804302244ce4a.jpg]
[pocomart.mysapo.net/blogs/all/tagged/giay-news.html]
[pocomart.mysapo.net/kappa-giay-the-thao-nam-k0a55mq43-124.html]
[bizweb.dktcdn.net/thumb/grande/100/429/689/articles/thay-pin-apple-watch-jpgac39d.jpg]
[pocomart.mysapo.net/https_/bizweb.dktcdn.net/100/429/689/articles/thay-pin-apple-watch-jpgac39d.jpg]
[genk.mediacdn.vn/thumb_w/660/139269124445442048/2021/6/7/2021-06-06232337-1623041152472995456378.jpg]
[genk.mediacdn.vn/thumb_w/660/139269124445442048/2021/6/7/2021-06-06232144-16230411524811930563941.jpg]
[pocomart.mysapo.net/nha-phan-tich-nay-khang-dinh-apple-watch-da-vuot-qua-cac-doi-thu-tu-cach-day-ca-thap-ky.html]
[bizweb.dktcdn.net/thumb/grande/100/429/689/articles/nhung-meo-cai-dat-iphone-de-su-dung-tot-hon-hinh-410cc.jpg]
[pocomart.mysapo.net/https_/bizweb.dktcdn.net/100/429/689/articles/nhung-meo-cai-dat-iphone-de-su-dung-tot-hon-hinh-4.2ac10cc.delayed]
[kenh14cdn.com/203336854389633024/2021/6/9/anh-1623172985324403495637.png]
[kenh14cdn.com/thumb_w/620/203336854389633024/2021/6/9/anh-1623172985324403495637.png]
[kenh14cdn.com/203336854389633024/2021/6/9/base64-16231732292311519083476.png]
[kenh14cdn.com/thumb_w/660/203336854389633024/2021/6/9/base64-16231732292311519083476.png]
[kenh14cdn.com/203336854389633024/2021/6/9/1953467091929570893818497972420796476373172n-1623173117475935705352.jpg]
[kenh14cdn.com/thumb_w/660/203336854389633024/2021/6/9/1953467091929570893818497972420796476373172n-1623173117475935705352.jpg]
[kenh14cdn.com/203336854389633024/2021/6/9/1439916624551722121747558348572345475032235n-16117694566511360969593-16231733916571177561905.jpg]
[kenh14cdn.com/thumb_w/620/203336854389633024/2021/6/9/1439916624551722121747558348572345475032235n-16117694566511360969593-16231733916571177561905.jpg]
[kenh14cdn.com/203336854389633024/2021/6/9/1431510421694376812856603864301935254353760n-16117694706301611636686-1623173417885543417646.jpg]
[kenh14cdn.com/thumb_w/620/203336854389633024/2021/6/9/1431510421694376812856603864301935254353760n-16117694706301611636686-1623173417885543417646.jpg]
[pocomart.mysapo.net/meo-tim-kiem-anh-cuc-nhanh-tren-iphone-ma-gan-nhu-tat-ca-nguoi-dung-deu-chua-tung-biet.html]
[bizweb.dktcdn.net/thumb/grande/100/429/689/articles/may-chieu-laser-xiaomi-chinh-hang-viet-nam-mistore-6f132.png]
[pocomart.mysapo.net/https_/bizweb.dktcdn.net/100/429/689/articles/may-chieu-laser-xiaomi-chinh-hang-viet-nam-mistore-6.2b9f132.delayed]
[i1-sohoa.vnecdn.net/2021/06/09/a1-9671-1623209476912b.jpg]
[i1-sohoa.vnecdn.net/2021/06/09/a2-7726-1623209476f5b1.jpg]
[i1-sohoa.vnecdn.net/2021/06/09/a3-5966-1623209476f769.jpg]
[i1-sohoa.vnecdn.net/2021/06/09/a4-2094-1623209476dae8.jpg]
[pocomart.mysapo.net/loat-may-chieu-mini-gia-2-trieu-dong-de-xem-bong-da.html]
[bizweb.dktcdn.net/thumb/grande/100/429/689/articles/may-loc-nuoc-ion-kiem-1596b.png]
[pocomart.mysapo.net/https_/bizweb.dktcdn.net/100/429/689/articles/may-loc-nuoc-ion-kiem-1.2c0596b.delayed]
[i1-giadinh.vnecdn.net/2021/06/10/1-2937-1623302003b626.jpg]
[i1-giadinh.vnecdn.net/2021/06/10/2-9798-1623302003247a.png]
[i1-giadinh.vnecdn.net/2021/06/10/3-2688-16233020045a2e.png]
[pocomart.mysapo.net/kham-pha-may-loc-nuoc-0-dong-cua-kangaroo.html]
[bizweb.dktcdn.net/thumb/grande/100/429/689/articles/f2brhdveudwnrzvln9qvers3id9t9j9lpdgb732c.jpg]
[pocomart.mysapo.net/https_/bizweb.dktcdn.net/100/429/689/articles/f2brhdveudwnrzvln9qvers3id9t9j9lpdgb.2c6732c.delayed]
[pocomart.mysapo.net/find-x3-pro-do-camera-cung-galaxy-s21-ultra.html]
[bizweb.dktcdn.net/thumb/grande/100/429/689/articles/gfb0cpg8g0zfad0d7.jpg]
[pocomart.mysapo.net/https_/bizweb.dktcdn.net/100/429/689/articles/gfb0cpg8g0zfa.2c9d0d7.delayed]
[i1-sohoa.vnecdn.net/2021/06/11/1-2765-16233858563763.jpg]
[i1-sohoa.vnecdn.net/2021/06/11/noi-chien-khong-dau-kangaroo-k-7809-2886-16233858571a5f.jpg]
[i1-sohoa.vnecdn.net/2021/06/11/mishio-mk-221-5-lit-1-org-4132-1623385857cd65.jpg]
[i1-sohoa.vnecdn.net/2021/06/11/baitho-4158-1623385857ddd6.jpg]
[i1-sohoa.vnecdn.net/2021/06/11/noi-chien-khong-dau-ferroli-fa-8391-9304-16233858578390.jpg]
[pocomart.mysapo.net/noi-chien-khong-dau-dung-tich-lon-gia-2-trieu-dong.html]
[pocomart.mysapo.net/tin-tuc4658.html]
[bizweb.dktcdn.net/100/429/689/themes/869367/assets/page-question.scss2c6f.css]
[bizweb.dktcdn.net/100/429/689/themes/869367/assets/contact_style.scss2c6f.css]
[pocomart.mysapo.net/tin-tuc2679.html]
[bizweb.dktcdn.net/100/429/689/themes/869367/assets/icon-gift1207.png]
[bizweb.dktcdn.net/100/429/689/themes/869367/assets/product_style.scss2c6f.css]
[pocomart.mysapo.net/blogs/all/tagged/tin-tuc.html]
[pocomart.mysapo.net/blogs/all/tagged/samsung-news.html]
[bizweb.dktcdn.net/100/429/689/themes/869367/assets/bpr-products-module2c6f.css]
[bizweb.dktcdn.net/100/429/689/themes/869367/assets/lg9391.ttf]
[bizweb.dktcdn.net/100/429/689/themes/869367/assets/lg9391.woff]
[bizweb.dktcdn.net/100/429/689/themes/869367/assets/lg8306.svg]
[bizweb.dktcdn.net/100/429/689/themes/869367/assets/loading9c00.gif]
[bizweb.dktcdn.net/100/429/689/themes/869367/assets/lightgallery2c6f.css]
[pocomart.mysapo.net/blogs/all/tagged/iphone-news.html]
[pocomart.mysapo.net/blogs/all/tagged/iphone-xr-news.html]
[pocomart.mysapo.net/blogs/all/tagged/xiaomi-news.html]
[pocomart.mysapo.net/blogs/tin-tuc.html]
[pocomart.mysapo.net/blogs/tin-tuc4658.html]
[pocomart.mysapo.net/blogs/all4658.html]
[pocomart.mysapo.net/https_/bizweb.dktcdn.net/100/429/689/articles/galaxy-fold-black-home-screen-open08de.html]
[pocomart.mysapo.net/https_/bizweb.dktcdn.net/100/429/689/articles/bun-rieu-da-lat-17884.html]
[pocomart.mysapo.net/https_/bizweb.dktcdn.net/100/429/689/articles/khuyen-mai-viettel-31-08fd1a.html]
[pocomart.mysapo.net/https_/bizweb.dktcdn.net/100/429/689/articles/smart-tivi-samsung-55-inch-ua55tu8000kxxv-4k-uhd29ec.html]
[bizweb.dktcdn.net/100/429/689/themes/869367/assets/i-tags9c00.svg]
[bizweb.dktcdn.net/100/429/689/themes/869367/assets/i-plus9c00.svg]
[pocomart.mysapo.net/https_/bizweb.dktcdn.net/100/429/689/articles/samsung-galaxy-tab-a7-10-4-full-phone-specifications8579.html]
[pocomart.mysapo.net/https_/bizweb.dktcdn.net/100/429/689/articles/5136-11993f19e.html]
[pocomart.mysapo.net/https_/bizweb.dktcdn.net/100/429/689/articles/apple-ihome-concept-1f8e6.html]
[pocomart.mysapo.net/blogs/all2679.html]
[pocomart.mysapo.net/san-pham-ban-chay.html]
[pocomart.mysapo.net/blogs/all/tagged/nike-news.html]
[pocomart.mysapo.net/blogs/all/tagged/kappag-news.html]
[pocomart.mysapo.net/blogs/all/tagged/giay-news.html]
[pocomart.mysapo.net/https_/bizweb.dktcdn.net/100/429/689/articles/thay-pin-apple-watch-jpgac39d.html]
[pocomart.mysapo.net/https_/bizweb.dktcdn.net/100/429/689/articles/nhung-meo-cai-dat-iphone-de-su-dung-tot-hon-hinh-410cc.html]
[pocomart.mysapo.net/https_/bizweb.dktcdn.net/100/429/689/articles/may-chieu-laser-xiaomi-chinh-hang-viet-nam-mistore-6f132.html]
[pocomart.mysapo.net/https_/bizweb.dktcdn.net/100/429/689/articles/may-loc-nuoc-ion-kiem-1596b.html]
[pocomart.mysapo.net/https_/bizweb.dktcdn.net/100/429/689/articles/f2brhdveudwnrzvln9qvers3id9t9j9lpdgb732c.html]
[pocomart.mysapo.net/https_/bizweb.dktcdn.net/100/429/689/articles/gfb0cpg8g0zfad0d7.html]
[pocomart.mysapo.net/tin-tuc2679.html]
[pocomart.mysapo.net/blogs/all/tagged/tin-tuc.html]
[bizweb.dktcdn.net/100/429/689/themes/869367/assets/lg8306.svg]
[bizweb.dktcdn.net/100/429/689/themes/869367/img/vimeo-play.png]
[bizweb.dktcdn.net/100/429/689/themes/869367/img/video-play.png]
[bizweb.dktcdn.net/100/429/689/themes/869367/img/youtube-play.png]
[pocomart.mysapo.net/blogs/tin-tuc4658.html]
[pocomart.mysapo.net/blogs/all2679.html]
[pocomart.mysapo.net/blogs/tin-tuc2679.html]
[pocomart.mysapo.net/blogs/tin-tuc2679.html]
